This file contains any messages produced by compilers while
running configure, to aid debugging if configure makes a mistake.

It was created by configure, which was
generated by GNU Autoconf 2.68.  Invocation command line was

  $ ./configure 

## --------- ##
## Platform. ##
## --------- ##

hostname = Fabios-MacBook-Air.local
uname -m = x86_64
uname -r = 18.7.0
uname -s = Darwin
uname -v = Darwin Kernel Version 18.7.0: Tue Aug 20 16:57:14 PDT 2019; root:xnu-4903.271.2~2/RELEASE_X86_64

/usr/bin/uname -p = i386
/bin/uname -X     = unknown

/bin/arch              = unknown
/usr/bin/arch -k       = unknown
/usr/convex/getsysinfo = unknown
/usr/bin/hostinfo      = Mach kernel version:
	 Darwin Kernel Version 18.7.0: Tue Aug 20 16:57:14 PDT 2019; root:xnu-4903.271.2~2/RELEASE_X86_64
Kernel configured for up to 4 processors.
2 processors are physically available.
4 processors are logically available.
Processor type: x86_64h (Intel x86-64h Haswell)
Processors active: 0 1 2 3
Primary memory available: 4.00 gigabytes
Default processor set: 364 tasks, 1575 threads, 4 processors
Load average: 1.92, Mach factor: 2.13
/bin/machine           = unknown
/usr/bin/oslevel       = unknown
/bin/universe          = unknown

PATH: /opt/local/bin
PATH: /opt/local/sbin
PATH: /usr/local/bin
PATH: /usr/bin
PATH: /bin
PATH: /usr/sbin
PATH: /sbin
PATH: /usr/local/include
PATH: /Library/TeX/texbin
PATH: /opt/X11/bin
PATH: /Users/fabiosigrist/.rvm/bin


## ----------- ##
## Core tests. ##
## ----------- ##

configure:1811: checking for gcc
configure:1838: result: clang
configure:2067: checking for C compiler version
configure:2076: clang --version >&5
Apple clang version 11.0.0 (clang-1100.0.33.8)
Target: x86_64-apple-darwin18.7.0
Thread model: posix
InstalledDir: /Applications/Xcode.app/Contents/Developer/Toolchains/XcodeDefault.xctoolchain/usr/bin
configure:2087: $? = 0
configure:2076: clang -v >&5
Apple clang version 11.0.0 (clang-1100.0.33.8)
Target: x86_64-apple-darwin18.7.0
Thread model: posix
InstalledDir: /Applications/Xcode.app/Contents/Developer/Toolchains/XcodeDefault.xctoolchain/usr/bin
configure:2087: $? = 0
configure:2076: clang -V >&5
clang: error: unsupported option '-V -Wno-framework-include-private-from-public'
clang: error: no input files
configure:2087: $? = 1
configure:2076: clang -qversion >&5
clang: error: unknown argument '-qversion', did you mean '--version'?
clang: error: no input files
configure:2087: $? = 1
configure:2107: checking whether the C compiler works
configure:2129: clang -Wall -mtune=core2 -g -O2   conftest.c  >&5
configure:2133: $? = 0
configure:2181: result: yes
configure:2184: checking for C compiler default output file name
configure:2186: result: a.out
configure:2192: checking for suffix of executables
configure:2199: clang -o conftest -Wall -mtune=core2 -g -O2   conftest.c  >&5
configure:2203: $? = 0
configure:2225: result: 
configure:2247: checking whether we are cross compiling
configure:2255: clang -o conftest -Wall -mtune=core2 -g -O2   conftest.c  >&5
configure:2259: $? = 0
configure:2266: ./conftest
configure:2270: $? = 0
configure:2285: result: no
configure:2290: checking for suffix of object files
configure:2312: clang -c -Wall -mtune=core2 -g -O2  conftest.c >&5
configure:2316: $? = 0
configure:2337: result: o
configure:2341: checking whether we are using the GNU C compiler
configure:2360: clang -c -Wall -mtune=core2 -g -O2  conftest.c >&5
configure:2360: $? = 0
configure:2369: result: yes
configure:2378: checking whether clang accepts -g
configure:2398: clang -c -g  conftest.c >&5
configure:2398: $? = 0
configure:2439: result: yes
configure:2456: checking for clang option to accept ISO C89
configure:2520: clang  -c -Wall -mtune=core2 -g -O2  conftest.c >&5
configure:2520: $? = 0
configure:2533: result: none needed
configure:2558: checking how to run the C preprocessor
configure:2589: clang -E  conftest.c
configure:2589: $? = 0
configure:2603: clang -E  conftest.c
conftest.c:9:10: fatal error: 'ac_nonexistent.h' file not found
#include <ac_nonexistent.h>
         ^~~~~~~~~~~~~~~~~~
1 error generated.
configure:2603: $? = 1
configure: failed program was:
| /* confdefs.h */
| #define PACKAGE_NAME ""
| #define PACKAGE_TARNAME ""
| #define PACKAGE_VERSION ""
| #define PACKAGE_STRING ""
| #define PACKAGE_BUGREPORT ""
| #define PACKAGE_URL ""
| /* end confdefs.h.  */
| #include <ac_nonexistent.h>
configure:2628: result: clang -E
configure:2648: clang -E  conftest.c
configure:2648: $? = 0
configure:2662: clang -E  conftest.c
conftest.c:9:10: fatal error: 'ac_nonexistent.h' file not found
#include <ac_nonexistent.h>
         ^~~~~~~~~~~~~~~~~~
1 error generated.
configure:2662: $? = 1
configure: failed program was:
| /* confdefs.h */
| #define PACKAGE_NAME ""
| #define PACKAGE_TARNAME ""
| #define PACKAGE_VERSION ""
| #define PACKAGE_STRING ""
| #define PACKAGE_BUGREPORT ""
| #define PACKAGE_URL ""
| /* end confdefs.h.  */
| #include <ac_nonexistent.h>
configure:2738: checking for gcc
configure:2765: result: clang
configure:2994: checking for C compiler version
configure:3003: clang --version >&5
Apple clang version 11.0.0 (clang-1100.0.33.8)
Target: x86_64-apple-darwin18.7.0
Thread model: posix
InstalledDir: /Applications/Xcode.app/Contents/Developer/Toolchains/XcodeDefault.xctoolchain/usr/bin
configure:3014: $? = 0
configure:3003: clang -v >&5
Apple clang version 11.0.0 (clang-1100.0.33.8)
Target: x86_64-apple-darwin18.7.0
Thread model: posix
InstalledDir: /Applications/Xcode.app/Contents/Developer/Toolchains/XcodeDefault.xctoolchain/usr/bin
configure:3014: $? = 0
configure:3003: clang -V >&5
clang: error: unsupported option '-V -Wno-framework-include-private-from-public'
clang: error: no input files
configure:3014: $? = 1
configure:3003: clang -qversion >&5
clang: error: unknown argument '-qversion', did you mean '--version'?
clang: error: no input files
configure:3014: $? = 1
configure:3018: checking whether we are using the GNU C compiler
configure:3046: result: yes
configure:3055: checking whether clang accepts -g
configure:3116: result: yes
configure:3133: checking for clang option to accept ISO C89
configure:3210: result: none needed
configure:3287: checking for pkg-config
configure:3305: found /opt/local/bin/pkg-config
configure:3317: result: /opt/local/bin/pkg-config
configure:3342: checking pkg-config is at least version 0.9.0
configure:3345: result: yes
configure:3356: checking for FFTW
configure:3363: $PKG_CONFIG --exists --print-errors "fftw3"
configure:3366: $? = 0
configure:3379: $PKG_CONFIG --exists --print-errors "fftw3"
configure:3382: $? = 0
configure:3436: result: yes
configure:3600: creating ./config.status

## ---------------------- ##
## Running config.status. ##
## ---------------------- ##

This file was extended by config.status, which was
generated by GNU Autoconf 2.68.  Invocation command line was

  CONFIG_FILES    = 
  CONFIG_HEADERS  = 
  CONFIG_LINKS    = 
  CONFIG_COMMANDS = 
  $ ./config.status 

on Fabios-MacBook-Air.local

config.status:734: creating src/Makevars

## ---------------- ##
## Cache variables. ##
## ---------------- ##

ac_cv_c_compiler_gnu=yes
ac_cv_env_CC_set=
ac_cv_env_CC_value=
ac_cv_env_CFLAGS_set=
ac_cv_env_CFLAGS_value=
ac_cv_env_CPPFLAGS_set=
ac_cv_env_CPPFLAGS_value=
ac_cv_env_CPP_set=
ac_cv_env_CPP_value=
ac_cv_env_FFTW_CFLAGS_set=
ac_cv_env_FFTW_CFLAGS_value=
ac_cv_env_FFTW_LIBS_set=
ac_cv_env_FFTW_LIBS_value=
ac_cv_env_LDFLAGS_set=
ac_cv_env_LDFLAGS_value=
ac_cv_env_LIBS_set=
ac_cv_env_LIBS_value=
ac_cv_env_PKG_CONFIG_set=
ac_cv_env_PKG_CONFIG_value=
ac_cv_env_build_alias_set=
ac_cv_env_build_alias_value=
ac_cv_env_host_alias_set=
ac_cv_env_host_alias_value=
ac_cv_env_target_alias_set=
ac_cv_env_target_alias_value=
ac_cv_objext=o
ac_cv_path_ac_pt_PKG_CONFIG=/opt/local/bin/pkg-config
ac_cv_prog_CPP='clang -E'
ac_cv_prog_ac_ct_CC=clang
ac_cv_prog_cc_c89=
ac_cv_prog_cc_g=yes
pkg_cv_FFTW_CFLAGS='-I/usr/local/Cellar/fftw/3.3.8_1/include '
pkg_cv_FFTW_LIBS='-L/usr/local/Cellar/fftw/3.3.8_1/lib -lfftw3 '

## ----------------- ##
## Output variables. ##
## ----------------- ##

CC='clang'
CFLAGS='-Wall -mtune=core2 -g -O2'
CPP='clang -E'
CPPFLAGS=''
DEFS='-DPACKAGE_NAME=\"\" -DPACKAGE_TARNAME=\"\" -DPACKAGE_VERSION=\"\" -DPACKAGE_STRING=\"\" -DPACKAGE_BUGREPORT=\"\" -DPACKAGE_URL=\"\"'
ECHO_C='\c'
ECHO_N=''
ECHO_T=''
EXEEXT=''
FFTW_CFLAGS='-I/usr/local/Cellar/fftw/3.3.8_1/include '
FFTW_LIBS='-L/usr/local/Cellar/fftw/3.3.8_1/lib -lfftw3 '
LDFLAGS=''
LIBOBJS=''
LIBS=''
LTLIBOBJS=''
OBJEXT='o'
PACKAGE_BUGREPORT=''
PACKAGE_NAME=''
PACKAGE_STRING=''
PACKAGE_TARNAME=''
PACKAGE_URL=''
PACKAGE_VERSION=''
PATH_SEPARATOR=':'
PKG_CONFIG='/opt/local/bin/pkg-config'
SHELL='/bin/sh'
ac_ct_CC='clang'
bindir='${exec_prefix}/bin'
build_alias=''
datadir='${datarootdir}'
datarootdir='${prefix}/share'
docdir='${datarootdir}/doc/${PACKAGE}'
dvidir='${docdir}'
exec_prefix='${prefix}'
host_alias=''
htmldir='${docdir}'
includedir='${prefix}/include'
infodir='${datarootdir}/info'
libdir='${exec_prefix}/lib'
libexecdir='${exec_prefix}/libexec'
localedir='${datarootdir}/locale'
localstatedir='${prefix}/var'
mandir='${datarootdir}/man'
oldincludedir='/usr/include'
pdfdir='${docdir}'
prefix='/usr/local'
program_transform_name='s,x,x,'
psdir='${docdir}'
sbindir='${exec_prefix}/sbin'
sharedstatedir='${prefix}/com'
sysconfdir='${prefix}/etc'
target_alias=''

## ----------- ##
## confdefs.h. ##
## ----------- ##

/* confdefs.h */
#define PACKAGE_NAME ""
#define PACKAGE_TARNAME ""
#define PACKAGE_VERSION ""
#define PACKAGE_STRING ""
#define PACKAGE_BUGREPORT ""
#define PACKAGE_URL ""

configure: exit 0
